<?xml version="1.0" encoding="UTF-8"?>
<testng-results skipped="0" failed="0" ignored="0" total="1" passed="1">
  <reporter-output>
  </reporter-output>
  <suite name="Default suite" duration-ms="181" started-at="2018-07-14T23:10:14Z" finished-at="2018-07-14T23:10:14Z">
    <groups>
    </groups>
    <test name="Default test" duration-ms="181" started-at="2018-07-14T23:10:14Z" finished-at="2018-07-14T23:10:14Z">
      <class name="myJava.MySQL_DB">
        <test-method status="PASS" signature="testDB()[pri:0, instance:myJava.MySQL_DB@5dfcfece]" name="testDB" duration-ms="157" started-at="2018-07-14T23:10:14Z" finished-at="2018-07-14T23:10:14Z">
          <reporter-output>
          </reporter-output>
        </test-method> <!-- testDB -->
      </class> <!-- myJava.MySQL_DB -->
    </test> <!-- Default test -->
  </suite> <!-- Default suite -->
</testng-results>
